<?xml version="1.0" encoding="UTF-8"?>
<!-- Generated by org.testng.reporters.JUnitXMLReporter -->
<testsuite ignored="0" hostname="DESKTOP-51DCIUV" failures="0" tests="4" name="Default test" time="0.076" errors="0" timestamp="2024-03-31T22:20:56 EDT">
  <testcase classname="day31.TestNgDataProvider" name="f" time="0.008"/>
  <testcase classname="day31.TestNgDataProvider" name="f" time="0.001"/>
  <testcase classname="day31.TestNgDataProvider" name="f" time="0.001"/>
  <testcase classname="day31.TestNgDataProvider" name="f" time="0.001"/>
</testsuite> <!-- Default test -->
