<?xml version="1.0" encoding="UTF-8"?>
<testng-results ignored="0" total="0" passed="0" failed="0" skipped="0">
  <reporter-output>
  </reporter-output>
  <suite started-at="2024-04-18T09:31:13 EDT" name="Suite" finished-at="2024-04-18T09:31:13 EDT" duration-ms="13">
    <groups>
    </groups>
    <test started-at="2024-04-18T09:31:13 EDT" name="MultipleBrowserTesting2" finished-at="2024-04-18T09:31:13 EDT" duration-ms="13">
    </test> <!-- MultipleBrowserTesting2 -->
    <test started-at="2024-04-18T09:31:13 EDT" name="MultipleBrowserTesting1" finished-at="2024-04-18T09:31:13 EDT" duration-ms="13">
    </test> <!-- MultipleBrowserTesting1 -->
  </suite> <!-- Suite -->
</testng-results>
