<?xml version="1.0" encoding="UTF-8"?>
<testng-results ignored="0" total="1" passed="1" failed="0" skipped="0">
  <reporter-output>
  </reporter-output>
  <suite started-at="2024-04-19T14:32:27 EDT" name="Default suite" finished-at="2024-04-19T14:32:29 EDT" duration-ms="2249">
    <groups>
    </groups>
    <test started-at="2024-04-19T14:32:27 EDT" name="Default test" finished-at="2024-04-19T14:32:29 EDT" duration-ms="2249">
      <class name="apiTest.PatchRequestTest">
        <test-method signature="UpdatingThroughPatchrequest()[pri:0, instance:apiTest.PatchRequestTest@1189dd52]" started-at="2024-04-19T14:32:27 EDT" name="UpdatingThroughPatchrequest" finished-at="2024-04-19T14:32:29 EDT" duration-ms="2208" status="PASS">
          <reporter-output>
          </reporter-output>
        </test-method> <!-- UpdatingThroughPatchrequest -->
      </class> <!-- apiTest.PatchRequestTest -->
    </test> <!-- Default test -->
  </suite> <!-- Default suite -->
</testng-results>
