<?xml version="1.0" encoding="UTF-8"?>
<testng-results ignored="0" total="4" passed="4" failed="0" skipped="0">
  <reporter-output>
  </reporter-output>
  <suite started-at="2024-03-31T22:20:56 EDT" name="Default suite" finished-at="2024-03-31T22:20:56 EDT" duration-ms="76">
    <groups>
    </groups>
    <test started-at="2024-03-31T22:20:56 EDT" name="Default test" finished-at="2024-03-31T22:20:56 EDT" duration-ms="76">
      <class name="day31.TestNgDataProvider">
        <test-method signature="f(java.lang.String,java.lang.String)[pri:0, instance:day31.TestNgDataProvider@1573f9fc]" started-at="2024-03-31T22:20:56 EDT" name="f" data-provider="First" finished-at="2024-03-31T22:20:56 EDT" duration-ms="8" status="PASS">
          <params>
            <param index="0">
              <value>
                <![CDATA[Saurabh]]>
              </value>
            </param>
            <param index="1">
              <value>
                <![CDATA[Pratibha]]>
              </value>
            </param>
          </params>
          <reporter-output>
          </reporter-output>
        </test-method> <!-- f -->
        <test-method signature="f(java.lang.String,java.lang.String)[pri:0, instance:day31.TestNgDataProvider@1573f9fc]" started-at="2024-03-31T22:20:56 EDT" name="f" data-provider="First" finished-at="2024-03-31T22:20:56 EDT" duration-ms="1" status="PASS">
          <params>
            <param index="0">
              <value>
                <![CDATA[10]]>
              </value>
            </param>
            <param index="1">
              <value>
                <![CDATA[5]]>
              </value>
            </param>
          </params>
          <reporter-output>
          </reporter-output>
        </test-method> <!-- f -->
        <test-method signature="f(java.lang.String,java.lang.String)[pri:0, instance:day31.TestNgDataProvider@1573f9fc]" started-at="2024-03-31T22:20:56 EDT" name="f" data-provider="First" finished-at="2024-03-31T22:20:56 EDT" duration-ms="1" status="PASS">
          <params>
            <param index="0">
              <value>
                <![CDATA[Advik]]>
              </value>
            </param>
            <param index="1">
              <value>
                <![CDATA[5]]>
              </value>
            </param>
          </params>
          <reporter-output>
          </reporter-output>
        </test-method> <!-- f -->
        <test-method signature="f(java.lang.String,java.lang.String)[pri:0, instance:day31.TestNgDataProvider@1573f9fc]" started-at="2024-03-31T22:20:56 EDT" name="f" data-provider="First" finished-at="2024-03-31T22:20:56 EDT" duration-ms="1" status="PASS">
          <params>
            <param index="0">
              <value>
                <![CDATA[10]]>
              </value>
            </param>
            <param index="1">
              <value>
                <![CDATA[Geoprgia]]>
              </value>
            </param>
          </params>
          <reporter-output>
          </reporter-output>
        </test-method> <!-- f -->
      </class> <!-- day31.TestNgDataProvider -->
    </test> <!-- Default test -->
  </suite> <!-- Default suite -->
</testng-results>
